[12-Oct-2021 16:58:09 Europe/Paris] PHP Fatal error:  Uncaught Error: Class 'ChurchInfoReport' not found in /var/www/CRM/src/Reports/FRCatalog.php:30
Stack trace:
#0 {main}
  thrown in /var/www/CRM/src/Reports/FRCatalog.php on line 30
[12-Oct-2021 16:58:16 Europe/Paris] PHP Fatal error:  Uncaught Exception: FPDF error: Can't open image file: https://dev.ecclesiacrm.com/api/filemanager/getFile/1/admin/Capture d’écran 2019-07-02 à 07.03.31.png in /var/www/CRM/src/vendor/setasign/fpdf/fpdf.php:271
Stack trace:
#0 /var/www/CRM/src/vendor/setasign/fpdf/fpdf.php(1259): FPDF->Error('Can't open imag...')
#1 /var/www/CRM/src/vendor/setasign/fpdf/fpdf.php(885): FPDF->_parsepng('https://dev.ecc...')
#2 /var/www/CRM/src/Reports/FRCatalog.php(101): FPDF->Image('https://dev.ecc...', 10, 50, 100, NAN)
#3 {main}
  thrown in /var/www/CRM/src/vendor/setasign/fpdf/fpdf.php on line 271
[12-Oct-2021 17:01:00 Europe/Paris] PHP Fatal error:  Uncaught Exception: FPDF error: Can't open image file: https://dev.ecclesiacrm.com/public/userdir/114EDC23-7781-4373-B18C-F877A935D6D7/Capture d’écran 2019-07-02 à 07.03.31.png in /var/www/CRM/src/vendor/setasign/fpdf/fpdf.php:271
Stack trace:
#0 /var/www/CRM/src/vendor/setasign/fpdf/fpdf.php(1259): FPDF->Error('Can't open imag...')
#1 /var/www/CRM/src/vendor/setasign/fpdf/fpdf.php(885): FPDF->_parsepng('https://dev.ecc...')
#2 /var/www/CRM/src/Reports/FRCatalog.php(101): FPDF->Image('https://dev.ecc...', 10, 50, 100, NAN)
#3 {main}
  thrown in /var/www/CRM/src/vendor/setasign/fpdf/fpdf.php on line 271
[12-Oct-2021 18:40:36 Europe/Paris] PHP Fatal error:  Uncaught Error: Using $this when not in object context in /var/www/CRM/src/Reports/DirectoryReport.php:352
Stack trace:
#0 {main}
  thrown in /var/www/CRM/src/Reports/DirectoryReport.php on line 352
[12-Oct-2021 22:26:45 Europe/Paris] PHP Fatal error:  Uncaught Error: Class 'EcclesiaCRM\Reports\PDF_Badge' not found in /var/www/CRM/src/Reports/PDFBadgeGroup.php:203
Stack trace:
#0 {main}
  thrown in /var/www/CRM/src/Reports/PDFBadgeGroup.php on line 203
[12-Oct-2021 22:49:46 Europe/Paris] PHP Fatal error:  Uncaught Error: Class 'EcclesiaCRM\Reports\PDF_CertificatesReport' not found in /var/www/CRM/src/Reports/FRCertificates.php:40
Stack trace:
#0 {main}
  thrown in /var/www/CRM/src/Reports/FRCertificates.php on line 40
[12-Oct-2021 23:05:06 Europe/Paris] PHP Fatal error:  Uncaught Error: Class 'EcclesiaCRM\Reports\PDF_Attendance' not found in /var/www/CRM/src/EcclesiaCRM/Reports/PDF_RealAttendance.php:26
Stack trace:
#0 /var/www/CRM/src/vendor/composer/ClassLoader.php(444): include()
#1 /var/www/CRM/src/vendor/composer/ClassLoader.php(322): Composer\Autoload\includeFile('/var/www/CRM/sr...')
#2 [internal function]: Composer\Autoload\ClassLoader->loadClass('EcclesiaCRM\\Rep...')
#3 /var/www/CRM/src/Reports/ClassRealAttendance.php(43): spl_autoload_call('EcclesiaCRM\\Rep...')
#4 {main}
  thrown in /var/www/CRM/src/EcclesiaCRM/Reports/PDF_RealAttendance.php on line 26
[12-Oct-2021 23:07:32 Europe/Paris] PHP Fatal error:  Uncaught Error: Class 'EcclesiaCRM\Reports\PDF_RealAttendance' not found in /var/www/CRM/src/Reports/ClassRealAttendance.php:43
Stack trace:
#0 {main}
  thrown in /var/www/CRM/src/Reports/ClassRealAttendance.php on line 43
[12-Oct-2021 23:08:52 Europe/Paris] PHP Fatal error:  Uncaught Error: Class 'EcclesiaCRM\Reports\PDF_Label' not found in /var/www/CRM/src/Reports/NameTags.php:24
Stack trace:
#0 {main}
  thrown in /var/www/CRM/src/Reports/NameTags.php on line 24
